0 info it worked if it ends with ok
1 verbose cli [ '/Users/yuanxiaoqi/.nvm/versions/node/v6.1.0/bin/node',
1 verbose cli   '/Users/yuanxiaoqi/.nvm/versions/node/v6.1.0/bin/npm',
1 verbose cli   'run',
1 verbose cli   'build' ]
2 info using npm@3.8.6
3 info using node@v6.1.0
4 verbose run-script [ 'prebuild', 'build', 'postbuild' ]
5 info lifecycle ff@1.0.0~prebuild: ff@1.0.0
6 silly lifecycle ff@1.0.0~prebuild: no script for prebuild, continuing
7 info lifecycle ff@1.0.0~build: ff@1.0.0
8 verbose lifecycle ff@1.0.0~build: unsafe-perm in lifecycle true
9 verbose lifecycle ff@1.0.0~build: PATH: /Users/yuanxiaoqi/.nvm/versions/node/v6.1.0/lib/node_modules/npm/bin/node-gyp-bin:/Users/yuanxiaoqi/Documents/main/enjoyself/test/wpck1/node_modules/.bin:/Users/yuanxiaoqi/.nvm/versions/node/v6.1.0/bin:/Users/yuanxiaoqi/.nvm/versions/node/v6.1.0/bin:/Users/yuanxiaoqi/.rvm/gems/ruby-2.0.0-p648/bin:/Users/yuanxiaoqi/.rvm/gems/ruby-2.0.0-p648@global/bin:/Users/yuanxiaoqi/.rvm/rubies/ruby-2.0.0-p648/bin:/usr/local/bin:/usr/local/bin:/usr/local/bin:/usr/local/bin:/usr/bin:/bin:/usr/sbin:/sbin:/Users/yuanxiaoqi/Library/Android/sdk/tools:/Users/yuanxiaoqi/Library/Android/sdk/platform-tools:/Users/yuanxiaoqi/.rvm/bin
10 verbose lifecycle ff@1.0.0~build: CWD: /Users/yuanxiaoqi/Documents/main/enjoyself/test/wpck1
11 silly lifecycle ff@1.0.0~build: Args: [ '-c',
11 silly lifecycle   'node_env=pre webpack --progress --config=./build/webpack.config.js' ]
12 silly lifecycle ff@1.0.0~build: Returned: code: 1  signal: null
13 info lifecycle ff@1.0.0~build: Failed to exec build script
14 verbose stack Error: ff@1.0.0 build: `node_env=pre webpack --progress --config=./build/webpack.config.js`
14 verbose stack Exit status 1
14 verbose stack     at EventEmitter.<anonymous> (/Users/yuanxiaoqi/.nvm/versions/node/v6.1.0/lib/node_modules/npm/lib/utils/lifecycle.js:239:16)
14 verbose stack     at emitTwo (events.js:106:13)
14 verbose stack     at EventEmitter.emit (events.js:191:7)
14 verbose stack     at ChildProcess.<anonymous> (/Users/yuanxiaoqi/.nvm/versions/node/v6.1.0/lib/node_modules/npm/lib/utils/spawn.js:24:14)
14 verbose stack     at emitTwo (events.js:106:13)
14 verbose stack     at ChildProcess.emit (events.js:191:7)
14 verbose stack     at maybeClose (internal/child_process.js:850:16)
14 verbose stack     at Process.ChildProcess._handle.onexit (internal/child_process.js:215:5)
15 verbose pkgid ff@1.0.0
16 verbose cwd /Users/yuanxiaoqi/Documents/main/enjoyself/test/wpck1
17 error Darwin 17.3.0
18 error argv "/Users/yuanxiaoqi/.nvm/versions/node/v6.1.0/bin/node" "/Users/yuanxiaoqi/.nvm/versions/node/v6.1.0/bin/npm" "run" "build"
19 error node v6.1.0
20 error npm  v3.8.6
21 error code ELIFECYCLE
22 error ff@1.0.0 build: `node_env=pre webpack --progress --config=./build/webpack.config.js`
22 error Exit status 1
23 error Failed at the ff@1.0.0 build script 'node_env=pre webpack --progress --config=./build/webpack.config.js'.
23 error Make sure you have the latest version of node.js and npm installed.
23 error If you do, this is most likely a problem with the ff package,
23 error not with npm itself.
23 error Tell the author that this fails on your system:
23 error     node_env=pre webpack --progress --config=./build/webpack.config.js
23 error You can get information on how to open an issue for this project with:
23 error     npm bugs ff
23 error Or if that isn't available, you can get their info via:
23 error     npm owner ls ff
23 error There is likely additional logging output above.
24 verbose exit [ 1, true ]
